[INFO] [launch]: All log files can be found below /home/cao/.ros/log/2026-01-25-12-31-56-758082-mvt-conda-47771
[INFO] [launch]: Default logging verbosity is set to INFO
[INFO] [ik_benchmark-1]: process started with pid [47774]
[ik_benchmark-1] [INFO] [1769315517.156129581] [moveit_857111522.moveit.py.cpp_initializer]: Initialize rclcpp
[ik_benchmark-1] [INFO] [1769315517.156200556] [moveit_857111522.moveit.py.cpp_initializer]: Initialize node parameters
[ik_benchmark-1] [INFO] [1769315517.156213132] [moveit_857111522.moveit.py.cpp_initializer]: Initialize node and executor
[ik_benchmark-1] [INFO] [1769315517.162974730] [moveit_857111522.moveit.py.cpp_initializer]: Spin separate thread
[ik_benchmark-1] [INFO] [1769315517.166226266] [moveit_857111522.moveit.ros.rdf_loader]: Loaded robot model in 0.0031295 seconds
[ik_benchmark-1] [INFO] [1769315517.166272697] [moveit_857111522.moveit.core.robot_model]: Loading robot model 'panda'...
[ik_benchmark-1] [INFO] [1769315517.176537806] [moveit_857111522.moveit.kinematics.kdl_kinematics_plugin]: Joint weights for group 'panda_arm': 1 1 1 1 1 1 1
[ik_benchmark-1] [INFO] [1769315517.200145414] [moveit_857111522.moveit.ros.planning_scene_monitor]: Publishing maintained planning scene on 'monitored_planning_scene'
[ik_benchmark-1] [INFO] [1769315517.200257464] [moveit_857111522.moveit.ros.moveit_cpp]: Listening to 'joint_states' for joint states
[ik_benchmark-1] [INFO] [1769315517.201618578] [moveit_857111522.moveit.ros.current_state_monitor]: Listening to joint states on topic 'joint_states'
[ik_benchmark-1] [INFO] [1769315517.201929056] [moveit_857111522.moveit.ros.planning_scene_monitor]: Listening to '/attached_collision_object' for attached collision objects
[ik_benchmark-1] [INFO] [1769315517.201946002] [moveit_857111522.moveit.ros.planning_scene_monitor]: Stopping existing planning scene publisher.
[ik_benchmark-1] [INFO] [1769315517.202077562] [moveit_857111522.moveit.ros.planning_scene_monitor]: Stopped publishing maintained planning scene.
[ik_benchmark-1] [INFO] [1769315517.202388407] [moveit_857111522.moveit.ros.planning_scene_monitor]: Publishing maintained planning scene on 'monitored_planning_scene'
[ik_benchmark-1] [INFO] [1769315517.202433515] [moveit_857111522.moveit.ros.planning_scene_monitor]: Starting planning scene monitor
[ik_benchmark-1] [INFO] [1769315517.202832274] [moveit_857111522.moveit.ros.planning_scene_monitor]: Listening to '/planning_scene'
[ik_benchmark-1] [INFO] [1769315517.202844265] [moveit_857111522.moveit.ros.planning_scene_monitor]: Starting world geometry update monitor for collision objects, attached objects, octomap updates.
[ik_benchmark-1] [INFO] [1769315517.203137042] [moveit_857111522.moveit.ros.planning_scene_monitor]: Listening to 'collision_object'
[ik_benchmark-1] [INFO] [1769315517.203401813] [moveit_857111522.moveit.ros.planning_scene_monitor]: Listening to 'planning_scene_world' for planning scene world geometry
[ik_benchmark-1] [WARN] [1769315517.204288473] [moveit_857111522.moveit.ros.occupancy_map_monitor]: Resolution not specified for Octomap. Assuming resolution = 0.1 instead
[ik_benchmark-1] [ERROR] [1769315517.204326905] [moveit_857111522.moveit.ros.occupancy_map_monitor]: No 3D sensor plugin(s) defined for octomap updates
[ik_benchmark-1] [INFO] [1769315517.216224523] [moveit_857111522.moveit.ros.planning_pipeline]: Successfully loaded planner 'OMPL'
[ik_benchmark-1] [INFO] [1769315517.218693637] [panda_ik_benchmark]: Try loading adapter 'default_planning_request_adapters/ResolveConstraintFrames'
[ik_benchmark-1] [INFO] [1769315517.219559003] [panda_ik_benchmark]: Loaded adapter 'default_planning_request_adapters/ResolveConstraintFrames'
[ik_benchmark-1] [INFO] [1769315517.219591732] [panda_ik_benchmark]: Try loading adapter 'default_planning_request_adapters/ValidateWorkspaceBounds'
[ik_benchmark-1] [INFO] [1769315517.219783280] [panda_ik_benchmark]: Loaded adapter 'default_planning_request_adapters/ValidateWorkspaceBounds'
[ik_benchmark-1] [INFO] [1769315517.219793257] [panda_ik_benchmark]: Try loading adapter 'default_planning_request_adapters/CheckStartStateBounds'
[ik_benchmark-1] [INFO] [1769315517.219813107] [panda_ik_benchmark]: Loaded adapter 'default_planning_request_adapters/CheckStartStateBounds'
[ik_benchmark-1] [INFO] [1769315517.219817845] [panda_ik_benchmark]: Try loading adapter 'default_planning_request_adapters/CheckStartStateCollision'
[ik_benchmark-1] [INFO] [1769315517.219827017] [panda_ik_benchmark]: Loaded adapter 'default_planning_request_adapters/CheckStartStateCollision'
[ik_benchmark-1] [INFO] [1769315517.222157435] [panda_ik_benchmark]: Try loading adapter 'default_planning_response_adapters/AddTimeOptimalParameterization'
[ik_benchmark-1] [INFO] [1769315517.223958513] [panda_ik_benchmark]: Loaded adapter 'default_planning_response_adapters/AddTimeOptimalParameterization'
[ik_benchmark-1] [INFO] [1769315517.223984051] [panda_ik_benchmark]: Try loading adapter 'default_planning_response_adapters/ValidateSolution'
[ik_benchmark-1] [INFO] [1769315517.225663662] [panda_ik_benchmark]: Loaded adapter 'default_planning_response_adapters/ValidateSolution'
[ik_benchmark-1] [INFO] [1769315517.225688241] [panda_ik_benchmark]: Try loading adapter 'default_planning_response_adapters/DisplayMotionPath'
[ik_benchmark-1] [INFO] [1769315517.226090765] [panda_ik_benchmark]: Loaded adapter 'default_planning_response_adapters/DisplayMotionPath'
[ik_benchmark-1] [INFO] [1769315517.260003094] [moveit_857111522.moveit.plugins.simple_controller_manager]: Added FollowJointTrajectory controller for panda_arm_controller
[ik_benchmark-1] [INFO] [1769315517.260182165] [moveit_857111522.moveit.plugins.simple_controller_manager]: Returned 1 controllers in list
[ik_benchmark-1] [INFO] [1769315517.260203608] [moveit_857111522.moveit.plugins.simple_controller_manager]: Returned 1 controllers in list
[ik_benchmark-1] [INFO] [1769315517.260622759] [moveit_857111522.moveit.ros.trajectory_execution_manager]: Trajectory execution is managing controllers
[WARNING] [launch]: user interrupted with ctrl-c (SIGINT)
[ik_benchmark-1] [INFO] [1769315694.975809387] [rclcpp]: signal_handler(signum=2)
[ik_benchmark-1] [run] timestamp = 20260125_123157
[ik_benchmark-1] [run] data dir   = data/batch_data/np6/ns250/seed8/20260125_123157
[ik_benchmark-1] 
[ik_benchmark-1] [select] searching a solvable target for p1 ...
[ik_benchmark-1] [select] p1: (0.142, -0.005, 0.161) found 250/250 (trials_used=1) -> p1.json
[ik_benchmark-1] 
[ik_benchmark-1] [select] searching a solvable target for p2 ...
[ik_benchmark-1] [select] p2: (-0.357, 0.475, 0.309) found 250/250 (trials_used=1) -> p2.json
[ik_benchmark-1] 
[ik_benchmark-1] [select] searching a solvable target for p3 ...
[ik_benchmark-1] [select] p3: (-0.134, 0.136, 0.416) found 250/250 (trials_used=1) -> p3.json
[ik_benchmark-1] 
[ik_benchmark-1] [select] searching a solvable target for p4 ...
[ik_benchmark-1] [select] p4: (-0.061, 0.274, 0.711) found 250/250 (trials_used=1) -> p4.json
[ik_benchmark-1] 
[ik_benchmark-1] [select] searching a solvable target for p5 ...
[ik_benchmark-1] [select] p5: (-0.238, -0.136, 0.268) found 250/250 (trials_used=1) -> p5.json
[ik_benchmark-1] 
[ik_benchmark-1] [select] searching a solvable target for p6 ...
[ik_benchmark-1] [select] p6: (-0.163, 0.277, 0.810) found 250/250 (trials_used=1) -> p6.json
[ik_benchmark-1] 
[ik_benchmark-1] [search] greedy (local) ...
[ik_benchmark-1] 
[ik_benchmark-1] [search] global DP prefix-optimal (enumeration-equivalent) ...
[ik_benchmark-1] Traceback (most recent call last):
[ik_benchmark-1]   File "/home/cao/ws_moveit/install/panda_ik_benchmark/lib/python3.12/site-packages/panda_ik_benchmark/planning/time_metric.py", line 228, in duration_s
[ik_benchmark-1]     ok = bool(fn(float(s.vel_scale), float(s.acc_scale), float(s.path_tolerance), float(s.resample_dt), float(s.min_angle_change)))
[ik_benchmark-1]               ^^^^^^^^^^^^^^^^^^^^^^^^^^^^^^^^^^^^^^^^^^^^^^^^^^^^^^^^^^^^^^^^^^^^^^^^^^^^^^^^^^^^^^^^^^^^^^^^^^^^^^^^^^^^^^^^^^^^
[ik_benchmark-1] TypeError: apply_totg_time_parameterization(): incompatible function arguments. The following argument types are supported:
[ik_benchmark-1]     1. (self: moveit.core.robot_trajectory.RobotTrajectory, velocity_scaling_factor: float, acceleration_scaling_factor: float, *, path_tolerance: float = 0.1, resample_dt: float = 0.1, min_angle_change: float = 0.001) -> bool
[ik_benchmark-1] 
[ik_benchmark-1] Invoked with: <moveit.core.robot_trajectory.RobotTrajectory object at 0x768b98170f30>, 1.0, 1.0, 0.1, 0.1, 0.001
[ik_benchmark-1] 
[ik_benchmark-1] During handling of the above exception, another exception occurred:
[ik_benchmark-1] 
[ik_benchmark-1] Traceback (most recent call last):
[ik_benchmark-1]   File "/home/cao/ws_moveit/install/panda_ik_benchmark/lib/panda_ik_benchmark/ik_benchmark", line 33, in <module>
[ik_benchmark-1]     sys.exit(load_entry_point('panda-ik-benchmark==0.1.0', 'console_scripts', 'ik_benchmark')())
[ik_benchmark-1]              ^^^^^^^^^^^^^^^^^^^^^^^^^^^^^^^^^^^^^^^^^^^^^^^^^^^^^^^^^^^^^^^^^^^^^^^^^^^^^^^^^^
[ik_benchmark-1]   File "/home/cao/ws_moveit/install/panda_ik_benchmark/lib/python3.12/site-packages/panda_ik_benchmark/scripts/run_benchmark.py", line 347, in main
[ik_benchmark-1]     dp_res, dp_prefix = global_optimal_prefix_dp(
[ik_benchmark-1]                         ^^^^^^^^^^^^^^^^^^^^^^^^^
[ik_benchmark-1]   File "/home/cao/ws_moveit/install/panda_ik_benchmark/lib/python3.12/site-packages/panda_ik_benchmark/planning/search.py", line 218, in global_optimal_prefix_dp
[ik_benchmark-1]     tmat = time_model.segment_time_matrix_s(prev, curr_block)
[ik_benchmark-1]            ^^^^^^^^^^^^^^^^^^^^^^^^^^^^^^^^^^^^^^^^^^^^^^^^^^
[ik_benchmark-1]   File "/home/cao/ws_moveit/install/panda_ik_benchmark/lib/python3.12/site-packages/panda_ik_benchmark/planning/time_metric.py", line 385, in segment_time_matrix_s
[ik_benchmark-1]     out[i, j] = self.segment_time_s(qi, curr[j])
[ik_benchmark-1]                 ^^^^^^^^^^^^^^^^^^^^^^^^^^^^^^^^
[ik_benchmark-1]   File "/home/cao/ws_moveit/install/panda_ik_benchmark/lib/python3.12/site-packages/panda_ik_benchmark/planning/time_metric.py", line 340, in segment_time_s
[ik_benchmark-1]     t = self._totg_engine.duration_s(q_from, q_to)
[ik_benchmark-1]         ^^^^^^^^^^^^^^^^^^^^^^^^^^^^^^^^^^^^^^^^^^
[ik_benchmark-1]   File "/home/cao/ws_moveit/install/panda_ik_benchmark/lib/python3.12/site-packages/panda_ik_benchmark/planning/time_metric.py", line 232, in duration_s
[ik_benchmark-1]     ok = bool(fn(float(s.vel_scale), float(s.acc_scale)))
[ik_benchmark-1]               ^^^^^^^^^^^^^^^^^^^^^^^^^^^^^^^^^^^^^^^^^^
[ik_benchmark-1] KeyboardInterrupt
[ik_benchmark-1] [INFO] [1769315694.992579360] [moveit_857111522.moveit.ros.moveit_cpp]: Deleting MoveItCpp
[ik_benchmark-1] [INFO] [1769315694.997531290] [moveit_857111522.moveit.ros.planning_scene_monitor]: Stopped publishing maintained planning scene.
[ik_benchmark-1] [INFO] [1769315694.998250515] [moveit_857111522.moveit.ros.planning_scene_monitor]: Stopping world geometry monitor
[ik_benchmark-1] [INFO] [1769315694.998416954] [moveit_857111522.moveit.ros.planning_scene_monitor]: Stopping planning scene monitor
[ik_benchmark-1] Warning: class_loader.ClassLoader: SEVERE WARNING!!! Attempting to unload library while objects created by this loader exist in the heap! You should delete your objects before attempting to unload the library or destroying the ClassLoader. The library will NOT be unloaded.
[ik_benchmark-1]          at line 127 in ./src/class_loader.cpp
[ERROR] [ik_benchmark-1]: process has died [pid 47774, exit code -2, cmd '/home/cao/ws_moveit/install/panda_ik_benchmark/lib/panda_ik_benchmark/ik_benchmark --num-points 6 --seed 8 --group panda_arm --named-start ready --data-root data/batch_data/np6/ns250/seed8 --num-solutions 250 --num-spaces 10 --max-attempts 20000 --ik-timeout 0.1 --resample-max 200 --topup-passes 3 --precheck-attempts 1200 --precheck-num-spaces 8 --ws-x -0.75 0.75 --ws-y -0.55 0.55 --ws-z 0.05 0.85 --min-sep 0.06 --time-model totg --totg-vel-scale 1.0 --totg-acc-scale 1.0 --totg-path-tolerance 0.1 --totg-resample-dt 0.1 --totg-min-angle-change 0.001 --ros-args --params-file /tmp/launch_params_5kqa4ax_'].
